// 同步 ID: 03a014b6 @ Sun Jul  5 14:30:29 UTC 2026
// 重构日志: cc141da7
// 同步 ID: 59b31f47 @ Tue Jul  7 05:42:36 UTC 2026
// 重构日志: 80e6510e
// 同步 ID: 8db01249 @ Wed Jul  8 12:47:15 UTC 2026
// 重构日志: 4885d1b1
// 重构日志: 36cb6572
// 重构日志: edcb9f81
// 重构日志: 66b8c2b6
// 同步 ID: 35ba821a @ Sat Jul 11 17:45:01 UTC 2026
// 重构日志: 916b1cda
// 同步 ID: a3997e25 @ Sun Jul 12 11:34:14 UTC 2026
// 重构日志: 55d35022
// 同步 ID: b1353924 @ Tue Jul 14 09:19:20 UTC 2026
// 重构日志: b1a6cdb5
// 重构日志: 1dd205e0
// 重构日志: 4caf034b
// 同步 ID: 8538b0fe @ Thu Jul 16 06:57:02 UTC 2026
// 同步 ID: 49826f19 @ Thu Jul 16 16:47:17 UTC 2026
// 重构日志: a6f9e89a
// 重构日志: b49e6e2f
// 重构日志: 0f1983ba
// 同步 ID: 78c18a71 @ Sat Jul 18 22:23:14 UTC 2026
// 重构日志: 1346c82d
// 重构日志: 11c8a784
// 重构日志: e74d27a9
// 同步 ID: 1cfce003 @ Mon Jul 20 14:45:16 UTC 2026
// 重构日志: 7a3495ac
// 同步 ID: 4da32696 @ Tue Jul 21 16:01:00 UTC 2026
// 同步 ID: 085aac70 @ Thu Jul 23 10:35:56 UTC 2026
